Build started 10/23/2015 5:06:11 PM.
     1>Project "D:\code\IECAProjects\Users\v-guoql\large_integer_arithmetic_library\large_integer_arithmetic_library\large_integer_arithmetic_library.vcxproj" on node 2 (Build target(s)).
     1>ClCompile:
         C:\Program Files (x86)\Microsoft Visual Studio 12.0\VC\bin\CL.exe /c /ZI /nologo /W3 /WX- /sdl /Od /Oy- /D _MBCS /Gm /EHsc /RTC1 /MDd /GS /fp:precise /Zc:wchar_t /Zc:forScope /Fo"Debug\\" /Fd"Debug\vc120.pdb" /Gd /TP /analyze- /errorReport:prompt main.cpp
         main.cpp
     1>d:\code\iecaprojects\users\v-guoql\large_integer_arithmetic_library\large_integer_arithmetic_library\bigint.h(124): warning C4018: '<' : signed/unsigned mismatch
     1>d:\code\iecaprojects\users\v-guoql\large_integer_arithmetic_library\large_integer_arithmetic_library\bigint.h(128): warning C4018: '<' : signed/unsigned mismatch
     1>d:\code\iecaprojects\users\v-guoql\large_integer_arithmetic_library\large_integer_arithmetic_library\bigint.h(132): warning C4018: '<' : signed/unsigned mismatch
     1>d:\code\iecaprojects\users\v-guoql\large_integer_arithmetic_library\large_integer_arithmetic_library\bigint.h(150): warning C4018: '<' : signed/unsigned mismatch
     1>d:\code\iecaprojects\users\v-guoql\large_integer_arithmetic_library\large_integer_arithmetic_library\bigint.h(154): warning C4018: '<' : signed/unsigned mismatch
     1>d:\code\iecaprojects\users\v-guoql\large_integer_arithmetic_library\large_integer_arithmetic_library\bigint.h(158): warning C4018: '<' : signed/unsigned mismatch
     1>d:\code\iecaprojects\users\v-guoql\large_integer_arithmetic_library\large_integer_arithmetic_library\bigint.h(206): warning C4018: '<' : signed/unsigned mismatch
     1>d:\code\iecaprojects\users\v-guoql\large_integer_arithmetic_library\large_integer_arithmetic_library\bigint.h(210): warning C4018: '<' : signed/unsigned mismatch
     1>d:\code\iecaprojects\users\v-guoql\large_integer_arithmetic_library\large_integer_arithmetic_library\bigint.h(214): warning C4018: '<' : signed/unsigned mismatch
     1>d:\code\iecaprojects\users\v-guoql\large_integer_arithmetic_library\large_integer_arithmetic_library\bigint.h(232): warning C4018: '<' : signed/unsigned mismatch
     1>d:\code\iecaprojects\users\v-guoql\large_integer_arithmetic_library\large_integer_arithmetic_library\bigint.h(236): warning C4018: '<' : signed/unsigned mismatch
     1>d:\code\iecaprojects\users\v-guoql\large_integer_arithmetic_library\large_integer_arithmetic_library\bigint.h(240): warning C4018: '<' : signed/unsigned mismatch
     1>d:\code\iecaprojects\users\v-guoql\large_integer_arithmetic_library\large_integer_arithmetic_library\bigint.h(266): warning C4018: '<' : signed/unsigned mismatch
     1>d:\code\iecaprojects\users\v-guoql\large_integer_arithmetic_library\large_integer_arithmetic_library\bigint.h(268): warning C4018: '<' : signed/unsigned mismatch
     1>d:\code\iecaprojects\users\v-guoql\large_integer_arithmetic_library\large_integer_arithmetic_library\bigint.h(273): warning C4018: '<' : signed/unsigned mismatch
     1>d:\code\iecaprojects\users\v-guoql\large_integer_arithmetic_library\large_integer_arithmetic_library\main.cpp(18): warning C4101: 'value' : unreferenced local variable
       Link:
         C:\Program Files (x86)\Microsoft Visual Studio 12.0\VC\bin\link.exe /ERRORREPORT:PROMPT /OUT:"D:\code\IECAProjects\Users\v-guoql\large_integer_arithmetic_library\Debug\large_integer_arithmetic_library.exe" /INCREMENTAL /NOLOGO kernel32.lib user32.lib gdi32.lib winspool.lib comdlg32.lib advapi32.lib shell32.lib ole32.lib oleaut32.lib uuid.lib odbc32.lib odbccp32.lib /MANIFEST /MANIFESTUAC:"level='asInvoker' uiAccess='false'" /manifest:embed /DEBUG /PDB:"D:\code\IECAProjects\Users\v-guoql\large_integer_arithmetic_library\Debug\large_integer_arithmetic_library.pdb" /TLBID:1 /DYNAMICBASE /NXCOMPAT /IMPLIB:"D:\code\IECAProjects\Users\v-guoql\large_integer_arithmetic_library\Debug\large_integer_arithmetic_library.lib" /MACHINE:X86 Debug\bigint.obj
         Debug\main.obj
         large_integer_arithmetic_library.vcxproj -> D:\code\IECAProjects\Users\v-guoql\large_integer_arithmetic_library\Debug\large_integer_arithmetic_library.exe
     1>Done Building Project "D:\code\IECAProjects\Users\v-guoql\large_integer_arithmetic_library\large_integer_arithmetic_library\large_integer_arithmetic_library.vcxproj" (Build target(s)).

Build succeeded.

Time Elapsed 00:00:01.17
