Build started 10/23/2015 5:07:28 PM.
     1>Project "D:\code\IECAProjects\Users\v-guoql\Prime_Seeker\Prime_Seeker\Prime_Seeker.vcxproj" on node 2 (Build target(s)).
     1>ClCompile:
         C:\Program Files (x86)\Microsoft Visual Studio 12.0\VC\bin\CL.exe /c /ZI /nologo /W3 /WX- /sdl /Od /Oy- /D _MBCS /Gm /EHsc /RTC1 /MDd /GS /fp:precise /Zc:wchar_t /Zc:forScope /Fo"Debug\\" /Fd"Debug\vc120.pdb" /Gd /TP /analyze- /errorReport:prompt bigint.cpp main.cpp
         bigint.cpp
     1>d:\code\iecaprojects\users\v-guoql\prime_seeker\prime_seeker\bigint.h(124): warning C4018: '<' : signed/unsigned mismatch
     1>d:\code\iecaprojects\users\v-guoql\prime_seeker\prime_seeker\bigint.h(128): warning C4018: '<' : signed/unsigned mismatch
     1>d:\code\iecaprojects\users\v-guoql\prime_seeker\prime_seeker\bigint.h(132): warning C4018: '<' : signed/unsigned mismatch
     1>d:\code\iecaprojects\users\v-guoql\prime_seeker\prime_seeker\bigint.h(150): warning C4018: '<' : signed/unsigned mismatch
     1>d:\code\iecaprojects\users\v-guoql\prime_seeker\prime_seeker\bigint.h(154): warning C4018: '<' : signed/unsigned mismatch
     1>d:\code\iecaprojects\users\v-guoql\prime_seeker\prime_seeker\bigint.h(158): warning C4018: '<' : signed/unsigned mismatch
     1>d:\code\iecaprojects\users\v-guoql\prime_seeker\prime_seeker\bigint.h(206): warning C4018: '<' : signed/unsigned mismatch
     1>d:\code\iecaprojects\users\v-guoql\prime_seeker\prime_seeker\bigint.h(210): warning C4018: '<' : signed/unsigned mismatch
     1>d:\code\iecaprojects\users\v-guoql\prime_seeker\prime_seeker\bigint.h(214): warning C4018: '<' : signed/unsigned mismatch
     1>d:\code\iecaprojects\users\v-guoql\prime_seeker\prime_seeker\bigint.h(232): warning C4018: '<' : signed/unsigned mismatch
     1>d:\code\iecaprojects\users\v-guoql\prime_seeker\prime_seeker\bigint.h(236): warning C4018: '<' : signed/unsigned mismatch
     1>d:\code\iecaprojects\users\v-guoql\prime_seeker\prime_seeker\bigint.h(240): warning C4018: '<' : signed/unsigned mismatch
     1>d:\code\iecaprojects\users\v-guoql\prime_seeker\prime_seeker\bigint.h(266): warning C4018: '<' : signed/unsigned mismatch
     1>d:\code\iecaprojects\users\v-guoql\prime_seeker\prime_seeker\bigint.h(268): warning C4018: '<' : signed/unsigned mismatch
     1>d:\code\iecaprojects\users\v-guoql\prime_seeker\prime_seeker\bigint.h(273): warning C4018: '<' : signed/unsigned mismatch
     1>d:\code\iecaprojects\users\v-guoql\prime_seeker\prime_seeker\bigint.cpp(39): warning C4244: '=' : conversion from '__int64' to 'int', possible loss of data
     1>d:\code\iecaprojects\users\v-guoql\prime_seeker\prime_seeker\bigint.cpp(47): warning C4018: '<' : signed/unsigned mismatch
         Generating Code...
         Compiling...
         main.cpp
     1>d:\code\iecaprojects\users\v-guoql\prime_seeker\prime_seeker\bigint.h(124): warning C4018: '<' : signed/unsigned mismatch
     1>d:\code\iecaprojects\users\v-guoql\prime_seeker\prime_seeker\bigint.h(128): warning C4018: '<' : signed/unsigned mismatch
     1>d:\code\iecaprojects\users\v-guoql\prime_seeker\prime_seeker\bigint.h(132): warning C4018: '<' : signed/unsigned mismatch
     1>d:\code\iecaprojects\users\v-guoql\prime_seeker\prime_seeker\bigint.h(150): warning C4018: '<' : signed/unsigned mismatch
     1>d:\code\iecaprojects\users\v-guoql\prime_seeker\prime_seeker\bigint.h(154): warning C4018: '<' : signed/unsigned mismatch
     1>d:\code\iecaprojects\users\v-guoql\prime_seeker\prime_seeker\bigint.h(158): warning C4018: '<' : signed/unsigned mismatch
     1>d:\code\iecaprojects\users\v-guoql\prime_seeker\prime_seeker\bigint.h(206): warning C4018: '<' : signed/unsigned mismatch
     1>d:\code\iecaprojects\users\v-guoql\prime_seeker\prime_seeker\bigint.h(210): warning C4018: '<' : signed/unsigned mismatch
     1>d:\code\iecaprojects\users\v-guoql\prime_seeker\prime_seeker\bigint.h(214): warning C4018: '<' : signed/unsigned mismatch
     1>d:\code\iecaprojects\users\v-guoql\prime_seeker\prime_seeker\bigint.h(232): warning C4018: '<' : signed/unsigned mismatch
     1>d:\code\iecaprojects\users\v-guoql\prime_seeker\prime_seeker\bigint.h(236): warning C4018: '<' : signed/unsigned mismatch
     1>d:\code\iecaprojects\users\v-guoql\prime_seeker\prime_seeker\bigint.h(240): warning C4018: '<' : signed/unsigned mismatch
     1>d:\code\iecaprojects\users\v-guoql\prime_seeker\prime_seeker\bigint.h(266): warning C4018: '<' : signed/unsigned mismatch
     1>d:\code\iecaprojects\users\v-guoql\prime_seeker\prime_seeker\bigint.h(268): warning C4018: '<' : signed/unsigned mismatch
     1>d:\code\iecaprojects\users\v-guoql\prime_seeker\prime_seeker\bigint.h(273): warning C4018: '<' : signed/unsigned mismatch
     1>d:\code\iecaprojects\users\v-guoql\prime_seeker\prime_seeker\main.cpp(20): warning C4018: '<' : signed/unsigned mismatch
         Generating Code...
       Link:
         C:\Program Files (x86)\Microsoft Visual Studio 12.0\VC\bin\link.exe /ERRORREPORT:PROMPT /OUT:"D:\code\IECAProjects\Users\v-guoql\Prime_Seeker\Debug\Prime_Seeker.exe" /INCREMENTAL /NOLOGO kernel32.lib user32.lib gdi32.lib winspool.lib comdlg32.lib advapi32.lib shell32.lib ole32.lib oleaut32.lib uuid.lib odbc32.lib odbccp32.lib /MANIFEST /MANIFESTUAC:"level='asInvoker' uiAccess='false'" /manifest:embed /DEBUG /PDB:"D:\code\IECAProjects\Users\v-guoql\Prime_Seeker\Debug\Prime_Seeker.pdb" /TLBID:1 /DYNAMICBASE /NXCOMPAT /IMPLIB:"D:\code\IECAProjects\Users\v-guoql\Prime_Seeker\Debug\Prime_Seeker.lib" /MACHINE:X86 Debug\bigint.obj
         Debug\main.obj
         Prime_Seeker.vcxproj -> D:\code\IECAProjects\Users\v-guoql\Prime_Seeker\Debug\Prime_Seeker.exe
     1>Done Building Project "D:\code\IECAProjects\Users\v-guoql\Prime_Seeker\Prime_Seeker\Prime_Seeker.vcxproj" (Build target(s)).

Build succeeded.

Time Elapsed 00:00:01.60
